{"level":"info","message":"Server listening on port 8080"}
{"level":"info","message":"Connected to database"}
{"level":"info","message":"[GET] /index.js"}
{"level":"info","message":"[GET] /favicon.ico"}
{"level":"info","message":"Server listening on port 8080"}
{"level":"info","message":"Connected to database"}
{"level":"info","message":"Server listening on port 8080"}
{"level":"info","message":"Connected to database"}
{"level":"info","message":"Server listening on port 8080"}
{"level":"info","message":"Connected to database"}
{"level":"info","message":"Server listening on port 8080"}
{"level":"info","message":"Connected to database"}
{"level":"info","message":"Server listening on port 8080"}
{"level":"info","message":"Connected to database"}
{"level":"info","message":"Server listening on port 8080"}
{"level":"info","message":"Connected to database"}
{"level":"info","message":"Server listening on port 8080"}
{"level":"info","message":"Connected to database"}
{"level":"info","message":"Server listening on port 8080"}
{"level":"info","message":"Connected to database"}
{"level":"info","message":"Server listening on port 8080"}
{"level":"info","message":"Connected to database"}
{"level":"info","message":"Server listening on port 8080"}
{"level":"info","message":"Connected to database"}
{"level":"info","message":"Server listening on port 8080"}
{"level":"info","message":"Connected to database"}
{"level":"info","message":"Server listening on port 8080"}
{"level":"info","message":"Connected to database"}
{"level":"info","message":"Server listening on port 8080"}
{"level":"info","message":"Connected to database"}
{"level":"info","message":"Server listening on port 8080"}
{"level":"info","message":"Connected to database"}
{"level":"info","message":"Server listening on port 8080"}
{"level":"info","message":"Connected to database"}
{"level":"info","message":"Server listening on port 8080"}
{"level":"info","message":"Connected to database"}
{"level":"info","message":"Server listening on port 8080"}
{"level":"info","message":"Connected to database"}
{"level":"info","message":"Server listening on port 8080"}
{"level":"info","message":"Connected to database"}
{"level":"info","message":"Server listening on port 8080"}
{"level":"info","message":"Connected to database"}
{"level":"info","message":"Server listening on port 8080"}
{"level":"info","message":"Connected to database"}
{"level":"info","message":"Server listening on port 8080"}
{"level":"info","message":"Connected to database"}
{"level":"info","message":"Server listening on port 8080"}
{"level":"info","message":"Connected to database"}
{"level":"info","message":"Server listening on port 8080"}
{"level":"info","message":"Connected to database"}
{"level":"info","message":"Server listening on port 8080"}
{"level":"info","message":"Connected to database"}
{"level":"info","message":"Server listening on port 8080"}
{"level":"info","message":"Connected to database"}
{"level":"info","message":"Server listening on port 8080"}
{"level":"info","message":"Connected to database"}
{"level":"info","message":"Server listening on port 8080"}
{"level":"info","message":"Connected to database"}
{"level":"info","message":"Server listening on port 8080"}
{"level":"info","message":"Connected to database"}
{"level":"info","message":"Server listening on port 8080"}
{"level":"info","message":"Connected to database"}
{"level":"info","message":"Server listening on port 8080"}
{"level":"info","message":"Connected to database"}
{"level":"info","message":"Server listening on port 8080"}
{"level":"info","message":"Connected to database"}
{"level":"info","message":"Server listening on port 8080"}
{"level":"info","message":"Connected to database"}
{"level":"info","message":"Server listening on port 8080"}
{"level":"info","message":"Connected to database"}
{"level":"info","message":"Server listening on port 8080"}
{"level":"info","message":"Connected to database"}
{"level":"info","message":"Server listening on port 8080"}
{"level":"info","message":"Connected to database"}
{"level":"info","message":"Correo electrónico enviado con éxito"}
{"level":"info","message":"Server listening on port 8080"}
{"level":"info","message":"Connected to database"}
{"level":"info","message":"Server listening on port 8080"}
{"level":"info","message":"Connected to database"}
{"level":"info","message":"Server listening on port 8080"}
{"level":"info","message":"Connected to database"}
{"level":"info","message":"Server listening on port 8080"}
{"level":"info","message":"Connected to database"}
{"level":"info","message":"Server listening on port 8080"}
{"level":"info","message":"Connected to database"}
{"level":"info","message":"Server listening on port 8080"}
{"level":"info","message":"Connected to database"}
{"level":"info","message":"Server listening on port 8080"}
{"level":"info","message":"Connected to database"}
{"level":"info","message":"Server listening on port 8080"}
{"level":"info","message":"Connected to database"}
{"level":"info","message":"Server listening on port 8080"}
{"level":"info","message":"Connected to database"}
{"level":"info","message":"Server listening on port 8080"}
{"level":"info","message":"Connected to database"}
{"level":"info","message":"Server listening on port 8080"}
{"level":"info","message":"Connected to database"}
{"level":"info","message":"Server listening on port 8080"}
{"level":"info","message":"Connected to database"}
{"level":"info","message":"Server listening on port 8080"}
{"level":"info","message":"Connected to database"}
{"level":"info","message":{"age":25,"email":"casto78@gmail.com","first_name":"Ricardo","last_name":"Cañizalez","role":"usuario"}}
{"level":"info","message":"Server listening on port 8080"}
{"level":"info","message":"Connected to database"}
{"level":"info","message":"Server listening on port 8080"}
{"level":"info","message":"Connected to database"}
{"level":"info","message":"Server listening on port 8080"}
{"level":"info","message":"Connected to database"}
{"level":"info","message":"Server listening on port 8080"}
{"level":"info","message":"Connected to database"}
{"level":"info","message":"Server listening on port 8080"}
{"level":"info","message":"Connected to database"}
{"level":"info","message":"Server listening on port 8080"}
{"level":"info","message":"Connected to database"}
{"level":"info","message":"Server listening on port 8080"}
{"level":"info","message":"Connected to database"}
{"level":"info","message":"Server listening on port 8080"}
{"level":"info","message":"Connected to database"}
{"level":"info","message":"Server listening on port 8080"}
{"level":"info","message":"Connected to database"}
{"level":"info","message":"Server listening on port 8080"}
{"level":"info","message":"Connected to database"}
{"level":"info","message":"[GET] /favicon.ico"}
{"level":"info","message":"Server listening on port 8080"}
{"level":"info","message":"Connected to database"}
{"level":"info","message":"Server listening on port 8080"}
{"level":"info","message":"Connected to database"}
{"level":"info","message":"Server listening on port 8080"}
{"level":"info","message":"Connected to database"}
{"level":"info","message":"Server listening on port 8080"}
{"level":"info","message":"Connected to database"}
{"level":"info","message":"Server listening on port 8080"}
{"level":"info","message":"Connected to database"}
{"level":"info","message":"Server listening on port 8080"}
{"level":"info","message":"Connected to database"}
{"level":"info","message":"Server listening on port 8080"}
{"level":"info","message":"Connected to database"}
{"level":"info","message":"Server listening on port 8080"}
{"level":"info","message":"Connected to database"}
{"level":"info","message":"Server listening on port 8080"}
{"level":"info","message":"Connected to database"}
{"level":"info","message":"Server listening on port 8080"}
{"level":"info","message":"Connected to database"}
{"level":"info","message":"Server listening on port 8080"}
{"level":"info","message":"Connected to database"}
{"level":"info","message":"Server listening on port 8080"}
{"level":"info","message":"Connected to database"}
{"level":"info","message":"Server listening on port 8080"}
{"level":"info","message":"Connected to database"}
{"level":"info","message":"Server listening on port 8080"}
{"level":"info","message":"Connected to database"}
{"level":"info","message":"Server listening on port 8080"}
{"level":"info","message":"Connected to database"}
{"level":"info","message":"Server listening on port 8080"}
{"level":"info","message":"Connected to database"}
{"level":"info","message":"Server listening on port 8080"}
{"level":"info","message":"Connected to database"}
{"level":"info","message":"Server listening on port 8080"}
{"level":"info","message":"Connected to database"}
{"level":"info","message":"Server listening on port 8080"}
{"level":"info","message":"Connected to database"}
{"level":"info","message":"Server listening on port 8080"}
{"level":"info","message":"Connected to database"}
{"level":"info","message":"Server listening on port 8080"}
{"level":"info","message":"Connected to database"}
{"level":"info","message":"Server listening on port 8080"}
{"level":"info","message":"Connected to database"}
{"level":"info","message":"Server listening on port 8080"}
{"level":"info","message":"Connected to database"}
{"level":"info","message":"Server listening on port 8080"}
{"level":"info","message":"Connected to database"}
{"level":"info","message":"[GET] /favicon.ico"}
{"level":"info","message":"Server listening on port 8080"}
{"level":"info","message":"Connected to database"}
{"level":"info","message":"Server listening on port 8080"}
{"level":"info","message":"Connected to database"}
{"level":"info","message":"Server listening on port 8080"}
{"level":"info","message":"Connected to database"}
{"level":"info","message":"Server listening on port 8080"}
{"level":"info","message":"Connected to database"}
{"level":"info","message":"Server listening on port 8080"}
{"level":"info","message":"Connected to database"}
{"level":"info","message":"Server listening on port 8080"}
{"level":"info","message":"Connected to database"}
{"level":"info","message":"Server listening on port 8080"}
{"level":"info","message":"Connected to database"}
{"level":"info","message":"Nueva Conexion establecida! 6E25i5CaNp2nb3FVAAAB"}
{"level":"info","message":"user disconnet"}
{"level":"info","message":"Server listening on port 8080"}
{"level":"info","message":"Connected to database"}
{"level":"info","message":"Server listening on port 8080"}
{"level":"info","message":"Connected to database"}
{"level":"info","message":"Server listening on port 8080"}
{"level":"info","message":"Connected to database"}
{"level":"info","message":"Server listening on port 8080"}
{"level":"info","message":"Connected to database"}
{"level":"info","message":"Server listening on port 8080"}
{"level":"info","message":"Connected to database"}
{"level":"info","message":"Server listening on port 8080"}
{"level":"info","message":"Connected to database"}
{"level":"info","message":"Server listening on port 8080"}
{"level":"info","message":"Connected to database"}
{"level":"info","message":"Server listening on port 8080"}
{"level":"info","message":"Connected to database"}
{"level":"info","message":"Server listening on port 8080"}
{"level":"info","message":"Connected to database"}
{"level":"info","message":"Server listening on port 8080"}
{"level":"info","message":"Connected to database"}
{"level":"info","message":"Server listening on port 8080"}
{"level":"info","message":"Connected to database"}
{"level":"info","message":"Server listening on port 8080"}
{"level":"info","message":"Connected to database"}
{"level":"info","message":"Server listening on port 8080"}
{"level":"info","message":"Connected to database"}
{"level":"info","message":"Server listening on port 8080"}
{"level":"info","message":"Connected to database"}
{"level":"info","message":"Server listening on port 8080"}
{"level":"info","message":"Connected to database"}
{"level":"info","message":"Server listening on port 8080"}
{"level":"info","message":"Connected to database"}
{"level":"info","message":"Server listening on port 8080"}
{"level":"info","message":"Connected to database"}
{"level":"info","message":"Server listening on port 8080"}
{"level":"info","message":"Connected to database"}
{"level":"info","message":"Server listening on port 8080"}
{"level":"info","message":"Server listening on port 8080"}
{"level":"info","message":"Connected to database"}
{"level":"info","message":"Server listening on port 8080"}
{"level":"info","message":"Server listening on port 8080"}
{"level":"info","message":"Connected to database"}
{"level":"info","message":"Server listening on port 8080"}
{"level":"info","message":"Connected to database"}
{"level":"info","message":"Server listening on port 8080"}
{"level":"info","message":"Connected to database"}
{"level":"info","message":"Server listening on port 8080"}
{"level":"info","message":"Connected to database"}
{"level":"info","message":"Server listening on port 8080"}
{"level":"info","message":"Connected to database"}
{"level":"info","message":"Server listening on port 8080"}
{"level":"info","message":"Connected to database"}
{"level":"info","message":"Server listening on port 8080"}
{"level":"info","message":"Connected to database"}
{"level":"info","message":"Server listening on port 8080"}
{"level":"info","message":"Connected to database"}
{"level":"info","message":"Server listening on port 8080"}
{"level":"info","message":"Connected to database"}
{"level":"info","message":"Server listening on port 8080"}
{"level":"info","message":"Connected to database"}
{"level":"info","message":"Server listening on port 8080"}
{"level":"info","message":"Connected to database"}
{"level":"info","message":"Server listening on port 8080"}
{"level":"info","message":"Connected to database"}
{"level":"info","message":"Server listening on port 8080"}
{"level":"info","message":"Connected to database"}
{"level":"info","message":"Server listening on port 8080"}
{"level":"info","message":"Connected to database"}
{"level":"info","message":"Server listening on port 8080"}
{"level":"info","message":"Connected to database"}
{"level":"info","message":"Server listening on port 8080"}
{"level":"info","message":"Connected to database"}
{"level":"info","message":"Server listening on port 8080"}
{"level":"info","message":"Connected to database"}
{"level":"info","message":"Server listening on port 8080"}
{"level":"info","message":"Connected to database"}
{"level":"info","message":"Server listening on port 8080"}
{"level":"info","message":"Connected to database"}
{"level":"info","message":"Server listening on port 8080"}
{"level":"info","message":"Connected to database"}
{"level":"info","message":"Server listening on port 8080"}
{"level":"info","message":"Connected to database"}
{"level":"info","message":"Server listening on port 8080"}
{"level":"info","message":"Connected to database"}
{"level":"info","message":"Server listening on port 8080"}
{"level":"info","message":"Connected to database"}
{"level":"info","message":"Server listening on port 8080"}
{"level":"info","message":"Connected to database"}
{"level":"info","message":"Server listening on port 8080"}
{"level":"info","message":"Connected to database"}
{"level":"info","message":"Server listening on port 8080"}
{"level":"info","message":"Connected to database"}
{"level":"info","message":"Server listening on port 8080"}
{"level":"info","message":"Connected to database"}
{"level":"info","message":"Server listening on port 8080"}
{"level":"info","message":"Connected to database"}
{"level":"info","message":"Server listening on port 8080"}
{"level":"info","message":"Connected to database"}
{"level":"info","message":"Server listening on port 8080"}
{"level":"info","message":"Connected to database"}
{"level":"info","message":"Server listening on port 8080"}
{"level":"info","message":"Connected to database"}
{"level":"info","message":"Server listening on port 8080"}
{"level":"info","message":"Connected to database"}
{"level":"info","message":"Server listening on port 8080"}
{"level":"info","message":"Connected to database"}
{"level":"info","message":"Server listening on port 8080"}
{"level":"info","message":"Connected to database"}
{"level":"info","message":"Server listening on port 8080"}
{"level":"info","message":"Connected to database"}
{"level":"info","message":"Server listening on port 8080"}
{"level":"info","message":"Connected to database"}
{"level":"info","message":"Server listening on port 8080"}
{"level":"info","message":"Connected to database"}
{"level":"info","message":"Server listening on port 8080"}
{"level":"info","message":"Connected to database"}
{"level":"info","message":"Server listening on port 8080"}
{"level":"info","message":"Connected to database"}
{"level":"info","message":"Server listening on port 8080"}
{"level":"info","message":"Connected to database"}
{"level":"info","message":"Server listening on port 8080"}
{"level":"info","message":"Connected to database"}
{"level":"info","message":"Server listening on port 8080"}
{"level":"info","message":"Connected to database"}
{"level":"info","message":"Server listening on port 8080"}
{"level":"info","message":"Connected to database"}
{"level":"info","message":"Server listening on port 8080"}
{"level":"info","message":"Connected to database"}
{"level":"info","message":"Server listening on port 8080"}
{"level":"info","message":"Connected to database"}
{"level":"info","message":"Server listening on port 8080"}
{"level":"info","message":"Connected to database"}
{"level":"info","message":"Server listening on port 8080"}
{"level":"info","message":"Connected to database"}
{"level":"info","message":"Server listening on port 8080"}
{"level":"info","message":"Connected to database"}
{"level":"info","message":"Server listening on port 8080"}
{"level":"info","message":"Connected to database"}
{"level":"info","message":"Server listening on port 8080"}
{"level":"info","message":"Connected to database"}
{"level":"info","message":"Server listening on port 8080"}
{"level":"info","message":"Connected to database"}
{"level":"info","message":"Server listening on port 8080"}
{"level":"info","message":"Connected to database"}
{"level":"info","message":"Server listening on port 8080"}
{"level":"info","message":"Connected to database"}
{"level":"info","message":"Server listening on port 8080"}
{"level":"info","message":"Connected to database"}
{"level":"info","message":"Server listening on port 8080"}
{"level":"info","message":"Connected to database"}
{"level":"info","message":"Server listening on port 8080"}
{"level":"info","message":"Connected to database"}
{"level":"info","message":"Server listening on port 8080"}
{"level":"info","message":"Connected to database"}
{"level":"info","message":"Server listening on port 8080"}
{"level":"info","message":"Connected to database"}
{"level":"info","message":"Server listening on port 8080"}
{"level":"info","message":"Connected to database"}
{"level":"info","message":"Server listening on port 8080"}
{"level":"info","message":"Connected to database"}
{"level":"info","message":"Server listening on port 8080"}
{"level":"info","message":"Connected to database"}
{"level":"info","message":"Server listening on port 8080"}
{"level":"info","message":"Connected to database"}
{"level":"info","message":"Server listening on port 8080"}
{"level":"info","message":"Connected to database"}
{"level":"info","message":"Server listening on port 8080"}
{"level":"info","message":"Connected to database"}
{"level":"info","message":"Server listening on port 8080"}
{"level":"info","message":"Connected to database"}
{"level":"info","message":"Server listening on port 8080"}
{"level":"info","message":"Connected to database"}
{"level":"info","message":"[GET] /HNAP1/"}
{"level":"info","message":"Server listening on port 8080"}
{"level":"info","message":"Connected to database"}
{"level":"info","message":"[GET] /favicon.ico"}
{"level":"info","message":"Server listening on port 8080"}
{"level":"info","message":"Connected to database"}
{"level":"info","message":"Server listening on port 8080"}
{"level":"info","message":"Connected to database"}
{"level":"info","message":"Server listening on port 8080"}
{"level":"info","message":"Connected to database"}
{"level":"info","message":"Server listening on port 8080"}
{"level":"info","message":"Connected to database"}
{"level":"info","message":"Server listening on port 8080"}
{"level":"info","message":"Connected to database"}
{"level":"info","message":"Server listening on port 8080"}
{"level":"info","message":"Connected to database"}
{"level":"info","message":"Server listening on port 8080"}
{"level":"info","message":"Connected to database"}
{"level":"info","message":"Server listening on port 8080"}
{"level":"info","message":"Connected to database"}
{"level":"info","message":"Server listening on port 8080"}
{"level":"info","message":"Connected to database"}
{"level":"info","message":"Server listening on port 8080"}
{"level":"info","message":"Connected to database"}
{"level":"info","message":"Server listening on port 8080"}
{"level":"info","message":"Connected to database"}
{"level":"info","message":"Server listening on port 8080"}
{"level":"info","message":"Connected to database"}
{"level":"info","message":"Server listening on port 8080"}
{"level":"info","message":"Connected to database"}
{"level":"info","message":"Server listening on port 8080"}
{"level":"info","message":"Connected to database"}
{"level":"info","message":"Server listening on port 8080"}
{"level":"info","message":"Connected to database"}
{"level":"info","message":"Server listening on port 8080"}
{"level":"info","message":"Connected to database"}
{"level":"info","message":"Server listening on port 8080"}
{"level":"info","message":"Connected to database"}
{"level":"info","message":"Server listening on port 8080"}
{"level":"info","message":"Connected to database"}
{"level":"info","message":"Server listening on port 8080"}
{"level":"info","message":"Connected to database"}
{"level":"info","message":"Server listening on port 8080"}
{"level":"info","message":"Connected to database"}
{"level":"info","message":"Server listening on port 8080"}
{"level":"info","message":"Connected to database"}
{"level":"info","message":"Server listening on port 8080"}
{"level":"info","message":"Connected to database"}
{"level":"info","message":"Server listening on port 8080"}
{"level":"info","message":"Connected to database"}
{"level":"info","message":"Server listening on port 8080"}
{"level":"info","message":"Connected to database"}
{"level":"info","message":"Server listening on port 8080"}
{"level":"info","message":"Connected to database"}
{"level":"info","message":"Server listening on port 8080"}
{"level":"info","message":"Server listening on port 8080"}
{"level":"info","message":"Connected to database"}
{"level":"info","message":"Server listening on port 8080"}
{"level":"info","message":"Connected to database"}
{"level":"info","message":"Server listening on port 8080"}
{"level":"info","message":"Connected to database"}
{"level":"info","message":"Server listening on port 8080"}
{"level":"info","message":"Connected to database"}
{"level":"info","message":"Server listening on port 8080"}
{"level":"info","message":"Connected to database"}
{"level":"info","message":"Server listening on port 8080"}
{"level":"info","message":"Connected to database"}
{"level":"info","message":"Server listening on port 8080"}
{"level":"info","message":"Connected to database"}
{"level":"info","message":"Server listening on port 8080"}
{"level":"info","message":"Connected to database"}
{"level":"info","message":"Server listening on port 8080"}
{"level":"info","message":"Connected to database"}
{"level":"info","message":"Server listening on port 8080"}
{"level":"info","message":"Connected to database"}
{"level":"info","message":"Server listening on port 8080"}
{"level":"info","message":"Connected to database"}
{"level":"info","message":"Server listening on port 8080"}
{"level":"info","message":"Connected to database"}
{"level":"info","message":"Server listening on port 8080"}
{"level":"info","message":"Connected to database"}
{"level":"info","message":"Server listening on port 8080"}
{"level":"info","message":"Connected to database"}
{"level":"info","message":"Server listening on port 8080"}
{"level":"info","message":"Connected to database"}
{"level":"info","message":"Server listening on port 8080"}
{"level":"info","message":"Connected to database"}
{"level":"info","message":"Server listening on port 8080"}
{"level":"info","message":"Connected to database"}
{"level":"info","message":"Server listening on port 8080"}
{"level":"info","message":"Connected to database"}
{"level":"info","message":"Server listening on port 8080"}
{"level":"info","message":"Connected to database"}
{"level":"info","message":"Server listening on port 8080"}
{"level":"info","message":"Connected to database"}
{"level":"info","message":"Server listening on port 8080"}
{"level":"info","message":"Connected to database"}
{"level":"info","message":"Server listening on port 8080"}
{"level":"info","message":"Connected to database"}
{"level":"info","message":"Server listening on port 8080"}
{"level":"info","message":"Connected to database"}
{"level":"info","message":"Server listening on port 8080"}
{"level":"info","message":"Connected to database"}
{"level":"info","message":"Server listening on port 8080"}
{"level":"info","message":"Connected to database"}
{"level":"info","message":"Server listening on port 8080"}
{"level":"info","message":"Connected to database"}
{"level":"info","message":"Server listening on port 8080"}
{"level":"info","message":"Connected to database"}
{"level":"info","message":"Server listening on port 8080"}
{"level":"info","message":"Connected to database"}
{"level":"info","message":"Server listening on port 8080"}
{"level":"info","message":"Connected to database"}
{"level":"info","message":"Server listening on port 8080"}
{"level":"info","message":"Server listening on port 8080"}
{"level":"info","message":"Connected to database"}
{"level":"info","message":"Server listening on port 8080"}
{"level":"info","message":"Connected to database"}
{"level":"info","message":"[GET] /favicon.ico"}
{"level":"info","message":"Server listening on port 8080"}
{"level":"info","message":"Connected to database"}
{"level":"info","message":"Server listening on port 8080"}
{"level":"info","message":"Connected to database"}
{"level":"info","message":"Server listening on port 8080"}
{"level":"info","message":"Connected to database"}
{"level":"info","message":"Server listening on port 8080"}
{"level":"info","message":"Connected to database"}
{"level":"info","message":"Server listening on port 8080"}
{"level":"info","message":"Connected to database"}
{"level":"info","message":"Server listening on port 8080"}
{"level":"info","message":"Server listening on port 8080"}
{"level":"info","message":"[GET] /favicon.ico"}
{"level":"info","message":"Server listening on port 8080"}
{"level":"info","message":"Server listening on port 8080"}
{"level":"info","message":"Server listening on port 8080"}
{"level":"info","message":"Connected to database"}
{"level":"info","message":"[GET] /favicon.ico"}
{"level":"info","message":"Server listening on port 8080"}
{"level":"info","message":"Connected to database"}
{"level":"info","message":"Server listening on port 8080"}
{"level":"info","message":"Connected to database"}
{"level":"info","message":"Server listening on port 8080"}
{"level":"info","message":"Server listening on port 8080"}
{"level":"info","message":"Connected to database"}
{"level":"info","message":"Server listening on port 8080"}
{"level":"info","message":"Server listening on port 8080"}
{"level":"info","message":"Connected to database"}
{"level":"info","message":"Server listening on port 8080"}
{"level":"info","message":"Connected to database"}
{"level":"info","message":"Server listening on port 8080"}
{"level":"info","message":"Connected to database"}
{"level":"info","message":"Server listening on port 8080"}
{"level":"info","message":"Connected to database"}
{"level":"info","message":"Server listening on port 8080"}
{"level":"info","message":"Connected to database"}
{"level":"info","message":"Server listening on port 8080"}
{"level":"info","message":"Connected to database"}
{"level":"info","message":"Server listening on port 8080"}
{"level":"info","message":"Connected to database"}
{"level":"info","message":"Server listening on port 8080"}
{"level":"info","message":"Connected to database"}
{"level":"info","message":"Nueva Conexion establecida! z7gqa0i9ajMertT1AAAB"}
{"level":"info","message":"user disconnet"}
{"level":"info","message":"Nueva Conexion establecida! HaeXU-lqNS3wkUzVAAAD"}
{"level":"info","message":"user disconnet"}
{"level":"info","message":"Server listening on port 8080"}
{"level":"info","message":"Connected to database"}
{"level":"info","message":"Server listening on port 8080"}
{"level":"info","message":"Connected to database"}
{"level":"info","message":"Server listening on port 8080"}
{"level":"info","message":"Connected to database"}
{"level":"info","message":"Server listening on port 8080"}
{"level":"info","message":"Connected to database"}
{"level":"info","message":"Server listening on port 8080"}
{"level":"info","message":"Connected to database"}
{"level":"info","message":"Server listening on port 8080"}
{"level":"info","message":"Server listening on port 8080"}
{"level":"info","message":"Connected to database"}
{"level":"info","message":"Server listening on port 8080"}
{"level":"info","message":"Connected to database"}
{"level":"info","message":"Server listening on port 8080"}
{"level":"info","message":"Connected to database"}
{"level":"info","message":"Server listening on port 8080"}
{"level":"info","message":"Connected to database"}
{"level":"info","message":"Server listening on port 8080"}
{"level":"info","message":"Connected to database"}
{"level":"info","message":"Server listening on port 8080"}
{"level":"info","message":"Connected to database"}
{"level":"info","message":"Server listening on port 8080"}
{"level":"info","message":"Connected to database"}
{"level":"info","message":"Server listening on port 8080"}
{"level":"info","message":"Connected to database"}
{"level":"info","message":"Server listening on port 8080"}
{"level":"info","message":"Connected to database"}
{"level":"info","message":"Server listening on port 8080"}
{"level":"info","message":"Connected to database"}
{"level":"info","message":"Server listening on port 8080"}
{"level":"info","message":"Connected to database"}
{"level":"info","message":"Server listening on port 8080"}
{"level":"info","message":"Connected to database"}
{"level":"info","message":"Server listening on port 8080"}
{"level":"info","message":"Connected to database"}
{"level":"info","message":"Server listening on port 8080"}
{"level":"info","message":"Connected to database"}
{"level":"info","message":"Server listening on port 8080"}
{"level":"info","message":"Connected to database"}
{"level":"info","message":"Server listening on port 8080"}
{"level":"info","message":"Connected to database"}
{"level":"info","message":"Server listening on port 8080"}
{"level":"info","message":"Server listening on port 8080"}
{"level":"info","message":"Server listening on port 8080"}
{"level":"info","message":"Connected to database"}
{"level":"info","message":"Server listening on port 8080"}
{"level":"info","message":"Connected to database"}
{"level":"info","message":"Server listening on port 8080"}
{"level":"info","message":"Connected to database"}
{"level":"info","message":"Server listening on port 8080"}
{"level":"info","message":"Connected to database"}
{"level":"info","message":"Server listening on port 8080"}
{"level":"info","message":"Connected to database"}
{"level":"info","message":"Server listening on port 8080"}
{"level":"info","message":"Connected to database"}
{"level":"info","message":"[GET] /api/..."}
{"level":"info","message":"[GET] /api/..."}
{"level":"info","message":"Server listening on port 8080"}
{"level":"info","message":"Connected to database"}
{"level":"info","message":"Server listening on port 8080"}
{"level":"info","message":"Connected to database"}
{"level":"info","message":"Server listening on port 8080"}
{"level":"info","message":"Connected to database"}
{"level":"info","message":"[GET] /src/public/img/delivery-truck_1160031%20(1).png"}
{"level":"info","message":"[GET] /api/..."}
{"level":"info","message":"[GET] /api/..."}
{"level":"info","message":"[GET] /src/public/img/delivery-truck_1160031%20(1).png"}
{"level":"info","message":"[GET] /api/..."}
{"level":"info","message":"[GET] /api/..."}
{"level":"info","message":"Server listening on port 8080"}
{"level":"info","message":"Connected to database"}
{"level":"info","message":"[GET] /api/..."}
{"level":"info","message":"[GET] /src/public/img/delivery.png"}
{"level":"info","message":"[GET] /api/..."}
{"level":"info","message":"[GET] /src/public/img/delivery.png"}
{"level":"info","message":"[GET] /api/..."}
{"level":"info","message":"[GET] /api/..."}
{"level":"info","message":"Server listening on port 8080"}
{"level":"info","message":"Connected to database"}
{"level":"info","message":"[GET] /public/img/delivery.png"}
{"level":"info","message":"[GET] /api/..."}
{"level":"info","message":"[GET] /api/..."}
{"level":"info","message":"Server listening on port 8080"}
{"level":"info","message":"Server listening on port 8080"}
{"level":"info","message":"Connected to database"}
{"level":"info","message":"Server listening on port 8080"}
{"level":"info","message":"Connected to database"}
{"level":"info","message":"Server listening on port 8080"}
{"level":"info","message":"Connected to database"}
{"level":"info","message":"Server listening on port 8080"}
{"level":"info","message":"Connected to database"}
{"level":"info","message":"Server listening on port 8080"}
{"level":"info","message":"Connected to database"}
{"level":"info","message":"[GET] /api/..."}
{"level":"info","message":"[GET] /api/..."}
{"level":"info","message":"Server listening on port 8080"}
{"level":"info","message":"Server listening on port 8080"}
{"level":"info","message":"Connected to database"}
{"level":"info","message":"[GET] /api/..."}
{"level":"info","message":"[GET] /api/..."}
{"level":"info","message":"Server listening on port 8080"}
{"level":"info","message":"Connected to database"}
{"level":"info","message":"Server listening on port 8080"}
{"level":"info","message":"Connected to database"}
{"level":"info","message":"[GET] /api/..."}
{"level":"info","message":"Server listening on port 8080"}
{"level":"info","message":"Connected to database"}
{"level":"info","message":"Server listening on port 8080"}
{"level":"info","message":"Connected to database"}
{"level":"info","message":"Server listening on port 8080"}
{"level":"info","message":"Connected to database"}
{"level":"info","message":"Server listening on port 8080"}
{"level":"info","message":"Connected to database"}
{"level":"info","message":"Server listening on port 8080"}
{"level":"info","message":"Connected to database"}
{"level":"info","message":"Server listening on port 8080"}
{"level":"info","message":"Connected to database"}
{"level":"info","message":"Server listening on port 8080"}
{"level":"info","message":"Connected to database"}
{"level":"info","message":"Server listening on port 8080"}
{"level":"info","message":"Connected to database"}
{"level":"info","message":"Server listening on port 8080"}
{"level":"info","message":"Connected to database"}
{"level":"info","message":"Server listening on port 8080"}
{"level":"info","message":"Connected to database"}
{"level":"info","message":"Server listening on port 8080"}
{"level":"info","message":"Connected to database"}
{"level":"info","message":"Server listening on port 8080"}
{"level":"info","message":"Connected to database"}
{"level":"info","message":"Server listening on port 8080"}
{"level":"info","message":"Connected to database"}
{"level":"info","message":"Server listening on port 8080"}
{"level":"info","message":"Server listening on port 8080"}
{"level":"info","message":"Connected to database"}
{"level":"info","message":"Server listening on port 8080"}
{"level":"info","message":"Connected to database"}
{"level":"info","message":"Server listening on port 8080"}
{"level":"info","message":"Connected to database"}
{"level":"info","message":"Server listening on port 8080"}
{"level":"info","message":"Connected to database"}
{"level":"info","message":"Server listening on port 8080"}
{"level":"info","message":"Server listening on port 8080"}
{"level":"info","message":"Connected to database"}
{"level":"info","message":"Server listening on port 8080"}
{"level":"info","message":"Connected to database"}
{"level":"info","message":"Server listening on port 8080"}
{"level":"info","message":"Connected to database"}
{"level":"info","message":"Server listening on port 8080"}
{"level":"info","message":"Server listening on port 8080"}
{"level":"info","message":"Connected to database"}
{"level":"info","message":"Server listening on port 8080"}
{"level":"info","message":"Connected to database"}
{"level":"info","message":"Server listening on port 8080"}
{"level":"info","message":"Connected to database"}
{"level":"info","message":"Server listening on port 8080"}
{"level":"info","message":"Connected to database"}
{"level":"info","message":"Server listening on port 8080"}
{"level":"info","message":"Connected to database"}
{"level":"info","message":"Server listening on port 8080"}
{"level":"info","message":"Connected to database"}
{"level":"info","message":"Server listening on port 8080"}
{"level":"info","message":"Connected to database"}
{"level":"info","message":"Server listening on port 8080"}
{"level":"info","message":"Connected to database"}
{"level":"info","message":"Server listening on port 8080"}
{"level":"info","message":"Connected to database"}
{"level":"info","message":"Server listening on port 8080"}
{"level":"info","message":"Connected to database"}
{"level":"info","message":"Server listening on port 8080"}
{"level":"info","message":"Server listening on port 8080"}
{"level":"info","message":"Connected to database"}
{"level":"info","message":"Server listening on port 8080"}
{"level":"info","message":"Connected to database"}
{"level":"info","message":"[GET] /api/..."}
{"level":"info","message":"Server listening on port 8080"}
{"level":"info","message":"Connected to database"}
{"level":"info","message":"Server listening on port 8080"}
{"level":"info","message":"Connected to database"}
{"level":"info","message":"Server listening on port 8080"}
{"level":"info","message":"Connected to database"}
{"level":"info","message":"[GET] /api/..."}
{"level":"info","message":"Server listening on port 8080"}
{"level":"info","message":"Connected to database"}
{"level":"info","message":"Server listening on port 8080"}
{"level":"info","message":"Connected to database"}
{"level":"info","message":"Server listening on port 8080"}
{"level":"info","message":"Server listening on port 8080"}
{"level":"info","message":"Connected to database"}
{"level":"info","message":"Server listening on port 8080"}
{"level":"info","message":"Connected to database"}
{"level":"info","message":"Server listening on port 8080"}
{"level":"info","message":"Connected to database"}
{"level":"info","message":"Server listening on port 8080"}
{"level":"info","message":"Connected to database"}
{"level":"info","message":"Server listening on port 8080"}
{"level":"info","message":"Connected to database"}
{"level":"info","message":"Server listening on port 8080"}
{"level":"info","message":"Connected to database"}
{"level":"info","message":"Server listening on port 8080"}
{"level":"info","message":"Connected to database"}
{"level":"info","message":"Server listening on port 8080"}
{"level":"info","message":"Connected to database"}
{"level":"info","message":"Server listening on port 8080"}
{"level":"info","message":"Server listening on port 8080"}
{"level":"info","message":"Connected to database"}
{"level":"info","message":"Server listening on port 8080"}
{"level":"info","message":"Connected to database"}
{"level":"info","message":"Server listening on port 8080"}
{"level":"info","message":"Connected to database"}
{"level":"info","message":"Server listening on port 8080"}
{"level":"info","message":"Connected to database"}
{"level":"info","message":"Server listening on port 8080"}
{"level":"info","message":"Connected to database"}
{"level":"info","message":"Server listening on port 8080"}
{"level":"info","message":"Connected to database"}
{"level":"info","message":"Server listening on port 8080"}
{"level":"info","message":"Connected to database"}
{"level":"info","message":"Server listening on port 8080"}
{"level":"info","message":"Connected to database"}
{"level":"info","message":"Server listening on port 8080"}
{"level":"info","message":"Server listening on port 8080"}
{"level":"info","message":"Connected to database"}
{"level":"info","message":"Server listening on port 8080"}
{"level":"info","message":"Connected to database"}
{"level":"info","message":"Server listening on port 8080"}
{"level":"info","message":"Connected to database"}
{"level":"info","message":"Server listening on port 8080"}
{"level":"info","message":"Connected to database"}
{"level":"info","message":"Server listening on port 8080"}
{"level":"info","message":"Connected to database"}
{"level":"info","message":"Server listening on port 8080"}
{"level":"info","message":"Connected to database"}
{"level":"info","message":"Server listening on port 8080"}
{"level":"info","message":"Connected to database"}
{"level":"info","message":"Server listening on port 8080"}
{"level":"info","message":"Connected to database"}
{"level":"info","message":"Server listening on port 8080"}
{"level":"info","message":"Connected to database"}
{"level":"info","message":"Server listening on port 8080"}
{"level":"info","message":"Connected to database"}
{"level":"info","message":"Server listening on port 8080"}
{"level":"info","message":"Server listening on port 8080"}
{"level":"info","message":"Connected to database"}
{"level":"info","message":"Server listening on port 8080"}
{"level":"info","message":"Connected to database"}
{"level":"info","message":"Server listening on port 8080"}
{"level":"info","message":"Connected to database"}
{"level":"info","message":"Server listening on port 8080"}
{"level":"info","message":"Connected to database"}
{"level":"info","message":"Server listening on port 8080"}
{"level":"info","message":"Connected to database"}
{"level":"info","message":"Server listening on port 8080"}
{"level":"info","message":"Connected to database"}
{"level":"info","message":"Server listening on port 8080"}
{"level":"info","message":"Connected to database"}
{"level":"info","message":"Server listening on port 8080"}
{"level":"info","message":"Connected to database"}
{"level":"info","message":"Server listening on port 8080"}
{"level":"info","message":"Connected to database"}
{"level":"info","message":"Server listening on port 8080"}
{"level":"info","message":"Connected to database"}
{"level":"info","message":"Server listening on port 8080"}
{"level":"info","message":"Connected to database"}
{"level":"info","message":"Server listening on port 8080"}
{"level":"info","message":"Server listening on port 8080"}
{"level":"info","message":"Connected to database"}
{"level":"info","message":"Server listening on port 8080"}
{"level":"info","message":"Connected to database"}
{"level":"info","message":"Server listening on port 8080"}
{"level":"info","message":"Connected to database"}
{"level":"info","message":"Server listening on port 8080"}
{"level":"info","message":"Server listening on port 8080"}
{"level":"info","message":"Connected to database"}
{"level":"info","message":"Server listening on port 8080"}
{"level":"info","message":"Connected to database"}
{"level":"info","message":"Server listening on port 8080"}
{"level":"info","message":"Connected to database"}
{"level":"info","message":"Server listening on port 8080"}
{"level":"info","message":"Connected to database"}
{"level":"info","message":"Server listening on port 8080"}
{"level":"info","message":"Connected to database"}
{"level":"info","message":"Server listening on port 8080"}
{"level":"info","message":"Connected to database"}
{"level":"info","message":"Server listening on port 8080"}
{"level":"info","message":"Connected to database"}
{"level":"info","message":"Server listening on port 8080"}
{"level":"info","message":"Connected to database"}
{"level":"info","message":"Server listening on port 8080"}
{"level":"info","message":"Connected to database"}
{"level":"info","message":"Server listening on port 8080"}
{"level":"info","message":"Server listening on port 8080"}
{"level":"info","message":"Connected to database"}
{"level":"info","message":"Server listening on port 8080"}
{"level":"info","message":"Connected to database"}
{"level":"info","message":"Server listening on port 8080"}
{"level":"info","message":"Server listening on port 8080"}
{"level":"info","message":"Server listening on port 8080"}
{"level":"info","message":"Connected to database"}
{"level":"info","message":"Server listening on port 8080"}
{"level":"info","message":"Connected to database"}
{"level":"info","message":"Server listening on port 8080"}
{"level":"info","message":"Server listening on port 8080"}
{"level":"info","message":"Connected to database"}
{"level":"info","message":"Server listening on port 8080"}
{"level":"info","message":"Connected to database"}
{"level":"info","message":"Server listening on port 8080"}
{"level":"info","message":"Connected to database"}
{"level":"info","message":"Server listening on port 8080"}
{"level":"info","message":"Connected to database"}
{"level":"info","message":"Server listening on port 8080"}
{"level":"info","message":"Connected to database"}
{"level":"info","message":"Server listening on port 8080"}
{"level":"info","message":"Connected to database"}
{"level":"info","message":"Server listening on port 8080"}
{"level":"info","message":"Connected to database"}
{"level":"info","message":"Server listening on port 8080"}
{"level":"info","message":"Connected to database"}
{"level":"info","message":"Server listening on port 8080"}
{"level":"info","message":"Connected to database"}
{"level":"info","message":"Server listening on port 8080"}
{"level":"info","message":"Connected to database"}
{"level":"info","message":"Server listening on port 8080"}
{"level":"info","message":"Connected to database"}
{"level":"info","message":"Server listening on port 8080"}
{"level":"info","message":"Connected to database"}
{"level":"info","message":"Server listening on port 8080"}
{"level":"info","message":"Connected to database"}
{"level":"info","message":"Nueva Conexion establecida! a07IpBPvBmUzX5yEAAAB"}
{"level":"info","message":"user disconnet"}
{"level":"info","message":"Server listening on port 8080"}
{"level":"info","message":"Connected to database"}
{"level":"info","message":"Nueva Conexion establecida! gHVcHzzgvg5o2H9kAAAB"}
{"level":"info","message":"user disconnet"}
{"level":"info","message":"Nueva Conexion establecida! _u5LXv870i29a4VXAAAD"}
{"level":"info","message":"user disconnet"}
{"level":"info","message":"Nueva Conexion establecida! h1jpQTekIp4iguDsAAAF"}
{"level":"info","message":"user disconnet"}
{"level":"info","message":"Nueva Conexion establecida! ZGOjcRtycpNzB_UpAAAH"}
{"level":"info","message":"user disconnet"}
{"level":"info","message":"Nueva Conexion establecida! -utkCA7JmjwrX3GJAAAJ"}
{"level":"info","message":"user disconnet"}
{"level":"info","message":"Nueva Conexion establecida! dr_FANNDH4Ku0O0EAAAL"}
{"level":"info","message":"user disconnet"}
{"level":"info","message":"Nueva Conexion establecida! HgMbCwfGnowKIanaAAAN"}
{"level":"info","message":"Server listening on port 8080"}
{"level":"info","message":"Connected to database"}
{"level":"info","message":"Nueva Conexion establecida! 8Wro46K2YMx6ybZOAAAB"}
{"level":"info","message":"Server listening on port 8080"}
{"level":"info","message":"Connected to database"}
{"level":"info","message":"Nueva Conexion establecida! wtoXH0CgBYQCs9eSAAAB"}
{"level":"info","message":"user disconnet"}
{"level":"info","message":"Nueva Conexion establecida! VT5kCaizvfF2ysW3AAAD"}
{"level":"info","message":"Server listening on port 8080"}
{"level":"info","message":"Nueva Conexion establecida! FktpI7LRMskMrj2xAAAB"}
{"level":"info","message":"Connected to database"}
{"level":"info","message":"user disconnet"}
{"level":"info","message":"Nueva Conexion establecida! NIrRHCYLiL6y7awFAAAD"}
{"level":"info","message":"Server listening on port 8080"}
{"level":"info","message":"Nueva Conexion establecida! jDPOrEn4gop1vEmxAAAB"}
{"level":"info","message":"Connected to database"}
{"level":"info","message":"Nueva Conexion establecida! TJymKt2Tl3zH-9hYAAAD"}
{"level":"info","message":"Server listening on port 8080"}
{"level":"info","message":"Nueva Conexion establecida! vLpGPQjXcYY6oq5uAAAB"}
{"level":"info","message":"Connected to database"}
{"level":"info","message":"Server listening on port 8080"}
{"level":"info","message":"Nueva Conexion establecida! xgQhiF917KwaR8ulAAAB"}
{"level":"info","message":"Connected to database"}
{"level":"info","message":"user disconnet"}
{"level":"info","message":"Nueva Conexion establecida! 6Ukg3SLbXlHGziPhAAAD"}
{"level":"info","message":"Server listening on port 8080"}
{"level":"info","message":"Nueva Conexion establecida! uGOPg8IUXFypjMJEAAAB"}
{"level":"info","message":"Connected to database"}
{"level":"info","message":"user disconnet"}
{"level":"info","message":"Nueva Conexion establecida! JevQFjlmMu-m-VMCAAAD"}
{"level":"info","message":"user disconnet"}
{"level":"info","message":"Nueva Conexion establecida! v7X89g1aHtODBl5fAAAF"}
{"level":"info","message":"Server listening on port 8080"}
{"level":"info","message":"Connected to database"}
{"level":"info","message":"Nueva Conexion establecida! uXddF9UpHBh8QK2MAAAB"}
{"level":"info","message":"user disconnet"}
{"level":"info","message":"Nueva Conexion establecida! 0dq8RbtIGG677ifHAAAD"}
{"level":"info","message":"Server listening on port 8080"}
{"level":"info","message":"Nueva Conexion establecida! TfXD2pOfqcQlcEnDAAAB"}
{"level":"info","message":"Connected to database"}
{"level":"info","message":"Server listening on port 8080"}
{"level":"info","message":"Nueva Conexion establecida! W2_yxc4JLDWj8co7AAAB"}
{"level":"info","message":"Connected to database"}
{"level":"info","message":"Nueva Conexion establecida! zSNU_TezsxnqlT9sAAAD"}
{"level":"info","message":"Server listening on port 8080"}
{"level":"info","message":"Nueva Conexion establecida! 2wu4UR0Ra0MT3aoeAAAB"}
{"level":"info","message":"Connected to database"}
{"level":"info","message":"Nueva Conexion establecida! Rs4XxibfcExHI47ZAAAD"}
{"level":"info","message":"Server listening on port 8080"}
{"level":"info","message":"Nueva Conexion establecida! UsK1KuYHwHtIXdHcAAAB"}
{"level":"info","message":"Connected to database"}
{"level":"info","message":"user disconnet"}
{"level":"info","message":"Nueva Conexion establecida! 378lnrMDRDVoMI4eAAAD"}
{"level":"info","message":"user disconnet"}
{"level":"info","message":"Nueva Conexion establecida! Aa39Dxt_UUIaEkBeAAAF"}
{"level":"info","message":"Server listening on port 8080"}
{"level":"info","message":"Connected to database"}
{"level":"info","message":"Nueva Conexion establecida! ZRYxS9iLNz1TRxW3AAAB"}
{"level":"info","message":"Nueva Conexion establecida! 3pZOjknpl4uHZHj9AAAD"}
{"level":"info","message":"user disconnet"}
{"level":"info","message":"user disconnet"}
{"level":"info","message":"Nueva Conexion establecida! dhnW96NGyrDeuC3SAAAF"}
{"level":"info","message":"user disconnet"}
{"level":"info","message":"Server listening on port 8080"}
{"level":"info","message":"Connected to database"}
{"level":"info","message":"Server listening on port 8080"}
{"level":"info","message":"Connected to database"}
{"level":"info","message":"Server listening on port 8080"}
{"level":"info","message":"Connected to database"}
{"level":"info","message":"Server listening on port 8080"}
{"level":"info","message":"Connected to database"}
{"level":"info","message":"Server listening on port 8080"}
{"level":"info","message":"Connected to database"}
{"level":"info","message":"Server listening on port 8080"}
{"level":"info","message":"Connected to database"}
{"level":"info","message":"Server listening on port 8080"}
{"level":"info","message":"Connected to database"}
{"level":"info","message":"Server listening on port 8080"}
{"level":"info","message":"Connected to database"}
{"level":"info","message":"Server listening on port 8080"}
{"level":"info","message":"Server listening on port 8080"}
{"level":"info","message":"Connected to database"}
{"level":"info","message":"Server listening on port 8080"}
{"level":"info","message":"Connected to database"}
{"level":"info","message":"[POST] /api/carts//products/65a7f7d8b96db20d8ae1dc4b"}
{"level":"info","message":"Server listening on port 8080"}
{"level":"info","message":"Connected to database"}
{"level":"info","message":"Server listening on port 8080"}
{"level":"info","message":"Connected to database"}
{"level":"info","message":"Server listening on port 8080"}
{"level":"info","message":"Connected to database"}
{"level":"info","message":"Server listening on port 8080"}
{"level":"info","message":"Connected to database"}
{"level":"info","message":"Server listening on port 8080"}
{"level":"info","message":"Connected to database"}
{"level":"info","message":"Server listening on port 8080"}
{"level":"info","message":"Connected to database"}
{"level":"info","message":"Server listening on port 8080"}
{"level":"info","message":"Connected to database"}
{"level":"info","message":"Server listening on port 8080"}
{"level":"info","message":"Connected to database"}
{"level":"info","message":"[POST] /api/carts//products/65a7f7d8b96db20d8ae1dc4b"}
{"level":"info","message":"[POST] /api/carts//products/643c32b7ba248d6b9e25f944"}
{"level":"info","message":"[POST] /api/carts//products/643c32b7ba248d6b9e25f944"}
{"level":"info","message":"[POST] /api/carts//products/63fed53d53098410590f37ec"}
{"level":"info","message":"Server listening on port 8080"}
{"level":"info","message":"Connected to database"}
{"level":"info","message":"Server listening on port 8080"}
{"level":"info","message":"Connected to database"}
{"level":"info","message":"Server listening on port 8080"}
{"level":"info","message":"Connected to database"}
{"level":"info","message":"Server listening on port 8080"}
{"level":"info","message":"Connected to database"}
{"level":"info","message":"Server listening on port 8080"}
{"level":"info","message":"Connected to database"}
{"level":"info","message":"Server listening on port 8080"}
{"level":"info","message":"Connected to database"}
{"level":"info","message":"Server listening on port 8080"}
{"level":"info","message":"Server listening on port 8080"}
{"level":"info","message":"Connected to database"}
{"level":"info","message":"Server listening on port 8080"}
{"level":"info","message":"Connected to database"}
{"level":"info","message":"Server listening on port 8080"}
{"level":"info","message":"Connected to database"}
{"level":"info","message":"Server listening on port 8080"}
{"level":"info","message":"Connected to database"}
{"level":"info","message":"[POST] /api/carts//products/643c32feba248d6b9e25f947"}
{"level":"info","message":"Server listening on port 8080"}
{"level":"info","message":"Connected to database"}
{"level":"info","message":"[POST] /api/carts//products/643c32b7ba248d6b9e25f944"}
{"level":"info","message":"Server listening on port 8080"}
{"level":"info","message":"Connected to database"}
{"level":"info","message":"Server listening on port 8080"}
{"level":"info","message":"Connected to database"}
{"level":"info","message":"Server listening on port 8080"}
{"level":"info","message":"Connected to database"}
{"level":"info","message":"Server listening on port 8080"}
{"level":"info","message":"Connected to database"}
{"level":"info","message":"Server listening on port 8080"}
{"level":"info","message":"Connected to database"}
{"level":"info","message":"Server listening on port 8080"}
{"level":"info","message":"Connected to database"}
{"level":"info","message":"Server listening on port 8080"}
{"level":"info","message":"Connected to database"}
{"level":"info","message":"Server listening on port 8080"}
{"level":"info","message":"Server listening on port 8080"}
{"level":"info","message":"Connected to database"}
{"level":"info","message":"Server listening on port 8080"}
{"level":"info","message":"Connected to database"}
{"level":"info","message":"Server listening on port 8080"}
{"level":"info","message":"Connected to database"}
{"level":"info","message":"Server listening on port 8080"}
{"level":"info","message":"Connected to database"}
{"level":"info","message":"Server listening on port 8080"}
{"level":"info","message":"Connected to database"}
{"level":"info","message":"Server listening on port 8080"}
{"level":"info","message":"Connected to database"}
{"level":"info","message":"Server listening on port 8080"}
{"level":"info","message":"Connected to database"}
{"level":"info","message":"Server listening on port 8080"}
{"level":"info","message":"Connected to database"}
{"level":"info","message":"Server listening on port 8080"}
{"level":"info","message":"Connected to database"}
{"level":"info","message":"Server listening on port 8080"}
{"level":"info","message":"Connected to database"}
{"level":"info","message":"Server listening on port 8080"}
{"level":"info","message":"Connected to database"}
{"level":"info","message":"Server listening on port 8080"}
{"level":"info","message":"Connected to database"}
{"level":"info","message":"Server listening on port 8080"}
{"level":"info","message":"Connected to database"}
{"level":"info","message":"Server listening on port 8080"}
{"level":"info","message":"Connected to database"}
{"level":"info","message":"Server listening on port 8080"}
{"level":"info","message":"Connected to database"}
{"level":"info","message":"Server listening on port 8080"}
{"level":"info","message":"Connected to database"}
{"level":"info","message":"Server listening on port 8080"}
{"level":"info","message":"Connected to database"}
{"level":"info","message":"Server listening on port 8080"}
{"level":"info","message":"Connected to database"}
{"level":"info","message":"Server listening on port 8080"}
{"level":"info","message":"Connected to database"}
{"level":"info","message":"Server listening on port 8080"}
{"level":"info","message":"Connected to database"}
{"level":"info","message":"Server listening on port 8080"}
{"level":"info","message":"Connected to database"}
{"level":"info","message":"Server listening on port 8080"}
{"level":"info","message":"Connected to database"}
{"level":"info","message":"Server listening on port 8080"}
{"level":"info","message":"Server listening on port 8080"}
{"level":"info","message":"Connected to database"}
{"level":"info","message":"Nueva Conexion establecida! pekCopyg8UHVJJhKAAAB"}
{"level":"info","message":"user disconnet"}
{"level":"info","message":"Server listening on port 8080"}
{"level":"info","message":"Connected to database"}
{"level":"info","message":"[GET] /favicon.ico"}
{"level":"info","message":"Server listening on port 8080"}
{"level":"info","message":"Connected to database"}
{"level":"info","message":"Server listening on port 8080"}
{"level":"info","message":"Connected to database"}
{"level":"info","message":"Server listening on port 8080"}
{"level":"info","message":"Server listening on port 8080"}
{"level":"info","message":"Connected to database"}
{"level":"info","message":"Server listening on port 8080"}
{"level":"info","message":"Connected to database"}
{"level":"info","message":"Server listening on port 8080"}
{"level":"info","message":"Connected to database"}
{"level":"info","message":"Server listening on port 8080"}
{"level":"info","message":"Connected to database"}
{"level":"info","message":"Server listening on port 8080"}
{"level":"info","message":"Connected to database"}
{"level":"info","message":"Server listening on port 8080"}
{"level":"info","message":"Server listening on port 8080"}
{"level":"info","message":"Connected to database"}
{"level":"info","message":"Server listening on port 8080"}
{"level":"info","message":"Connected to database"}
{"level":"info","message":"Server listening on port 8080"}
{"level":"info","message":"Connected to database"}
{"level":"info","message":"Server listening on port 8080"}
{"level":"info","message":"Connected to database"}
{"level":"info","message":"Server listening on port 8080"}
{"level":"info","message":"Connected to database"}
{"level":"info","message":"Server listening on port 8080"}
{"level":"info","message":"Connected to database"}
{"level":"info","message":"Server listening on port 8080"}
{"level":"info","message":"Connected to database"}
{"level":"info","message":"Server listening on port 8080"}
{"level":"info","message":"Connected to database"}
{"level":"info","message":"Server listening on port 8080"}
{"level":"info","message":"Connected to database"}
{"level":"info","message":"Server listening on port 8080"}
{"level":"info","message":"Connected to database"}
{"level":"info","message":"Server listening on port 8080"}
{"level":"info","message":"Connected to database"}
{"level":"info","message":"Server listening on port 8080"}
{"level":"info","message":"Connected to database"}
{"level":"info","message":"Server listening on port 8080"}
{"level":"info","message":"Connected to database"}
{"level":"info","message":"Server listening on port 8080"}
{"level":"info","message":"Connected to database"}
{"level":"info","message":"Server listening on port 8080"}
{"level":"info","message":"Connected to database"}
{"level":"info","message":"Server listening on port 8080"}
{"level":"info","message":"Connected to database"}
{"level":"info","message":"Nueva Conexion establecida! dxVZPQi7_z_tDQXtAAAB"}
{"level":"info","message":"user disconnet"}
{"level":"info","message":"Nueva Conexion establecida! tHmaVc4jIpRvvwxIAAAD"}
{"level":"info","message":"user disconnet"}
{"level":"info","message":"Server listening on port 8080"}
{"level":"info","message":"Connected to database"}
{"level":"info","message":"Server listening on port 8080"}
{"level":"info","message":"Connected to database"}
{"level":"info","message":"Server listening on port 8080"}
{"level":"info","message":"Connected to database"}
{"level":"info","message":"Server listening on port 8080"}
{"level":"info","message":"Connected to database"}
{"level":"info","message":"Server listening on port 8080"}
{"level":"info","message":"Connected to database"}
{"level":"info","message":"Server listening on port 8080"}
{"level":"info","message":"Connected to database"}
{"level":"info","message":"Server listening on port 8080"}
{"level":"info","message":"Connected to database"}
{"level":"info","message":"Server listening on port 8080"}
{"level":"info","message":"Connected to database"}
{"level":"info","message":"Server listening on port 8080"}
{"level":"info","message":"Connected to database"}
{"level":"info","message":"Server listening on port 8080"}
{"level":"info","message":"Connected to database"}
{"level":"info","message":"[GET] /api/carts/"}
{"level":"info","message":"Server listening on port 8080"}
{"level":"info","message":"Connected to database"}
{"level":"info","message":"Server listening on port 8080"}
{"level":"info","message":"Connected to database"}
{"level":"info","message":"Server listening on port 8080"}
{"level":"info","message":"Connected to database"}
{"level":"info","message":"Server listening on port 8080"}
{"level":"info","message":"Connected to database"}
{"level":"info","message":"Server listening on port 8080"}
{"level":"info","message":"Connected to database"}
{"level":"info","message":"Server listening on port 8080"}
{"level":"info","message":"Connected to database"}
{"level":"info","message":"Server listening on port 8080"}
{"level":"info","message":"Connected to database"}
{"level":"info","message":"Server listening on port 8080"}
{"level":"info","message":"Connected to database"}
{"level":"info","message":"Server listening on port 8080"}
{"level":"info","message":"Connected to database"}
{"level":"info","message":"Server listening on port 8080"}
{"level":"info","message":"Connected to database"}
{"level":"info","message":"Server listening on port 8080"}
{"level":"info","message":"Connected to database"}
{"level":"info","message":"Server listening on port 8080"}
{"level":"info","message":"Connected to database"}
{"level":"info","message":"Server listening on port 8080"}
{"level":"info","message":"Connected to database"}
{"level":"info","message":"Server listening on port 8080"}
{"level":"info","message":"Connected to database"}
{"level":"info","message":"Server listening on port 8080"}
{"level":"info","message":"Connected to database"}
{"level":"info","message":"Server listening on port 8080"}
{"level":"info","message":"Connected to database"}
{"level":"info","message":"Server listening on port 8080"}
{"level":"info","message":"Connected to database"}
{"level":"info","message":"Server listening on port 8080"}
{"level":"info","message":"Connected to database"}
{"level":"info","message":"Server listening on port 8080"}
{"level":"info","message":"Connected to database"}
{"level":"info","message":"Server listening on port 8080"}
{"level":"info","message":"Connected to database"}
{"level":"info","message":"Server listening on port 8080"}
{"level":"info","message":"Connected to database"}
{"level":"info","message":"Server listening on port 8080"}
{"level":"info","message":"Connected to database"}
{"level":"info","message":"Server listening on port 8080"}
{"level":"info","message":"Connected to database"}
{"level":"info","message":"Server listening on port 8080"}
{"level":"info","message":"Connected to database"}
{"level":"info","message":"Server listening on port 8080"}
{"level":"info","message":"Connected to database"}
{"level":"info","message":"Server listening on port 8080"}
{"level":"info","message":"Connected to database"}
{"level":"info","message":"Server listening on port 8080"}
{"level":"info","message":"Connected to database"}
{"level":"info","message":"Server listening on port 8080"}
{"level":"info","message":"Connected to database"}
{"level":"info","message":"Server listening on port 8080"}
{"level":"info","message":"Connected to database"}
{"level":"info","message":"Server listening on port 8080"}
{"level":"info","message":"Connected to database"}
{"level":"info","message":"Server listening on port 8080"}
{"level":"info","message":"Connected to database"}
{"level":"info","message":"Server listening on port 8080"}
{"level":"info","message":"Connected to database"}
{"level":"info","message":"Server listening on port 8080"}
{"level":"info","message":"Connected to database"}
{"level":"info","message":"Server listening on port 8080"}
{"level":"info","message":"Connected to database"}
{"level":"info","message":"Server listening on port 8080"}
{"level":"info","message":"Connected to database"}
{"level":"info","message":"Server listening on port 8080"}
{"level":"info","message":"Connected to database"}
{"level":"info","message":"Server listening on port 8080"}
{"level":"info","message":"Connected to database"}
{"level":"info","message":"Server listening on port 8080"}
{"level":"info","message":"Connected to database"}
{"level":"info","message":"Server listening on port 8080"}
{"level":"info","message":"Server listening on port 8080"}
{"level":"info","message":"Connected to database"}
{"level":"info","message":"Server listening on port 8080"}
{"level":"info","message":"Server listening on port 8080"}
{"level":"info","message":"Connected to database"}
{"level":"info","message":"Server listening on port 8080"}
{"level":"info","message":"Connected to database"}
{"level":"info","message":"Server listening on port 8080"}
{"level":"info","message":"Server listening on port 8080"}
{"level":"info","message":"Server listening on port 8080"}
{"level":"info","message":"Connected to database"}
{"level":"info","message":"Server listening on port 8080"}
{"level":"info","message":"Server listening on port 8080"}
{"level":"info","message":"Connected to database"}
{"level":"info","message":"Server listening on port 8080"}
{"level":"info","message":"Connected to database"}
{"level":"info","message":"Server listening on port 8080"}
{"level":"info","message":"Connected to database"}
{"level":"info","message":"Server listening on port 8080"}
{"level":"info","message":"Connected to database"}
{"level":"info","message":"Server listening on port 8080"}
{"level":"info","message":"Connected to database"}
{"level":"info","message":"Server listening on port 8080"}
{"level":"info","message":"Connected to database"}
{"level":"info","message":"Server listening on port 8080"}
{"level":"info","message":"Connected to database"}
{"level":"info","message":"Server listening on port 8080"}
{"level":"info","message":"Connected to database"}
{"level":"info","message":"Server listening on port 8080"}
{"level":"info","message":"Connected to database"}
{"level":"info","message":"Server listening on port 8080"}
{"level":"info","message":"Connected to database"}
{"level":"info","message":"Server listening on port 8080"}
{"level":"info","message":"Connected to database"}
{"level":"info","message":"Server listening on port 8080"}
{"level":"info","message":"Connected to database"}
{"level":"info","message":"Server listening on port 8080"}
{"level":"info","message":"Connected to database"}
{"level":"info","message":"Server listening on port 8080"}
{"level":"info","message":"Connected to database"}
{"level":"info","message":"Server listening on port 8080"}
{"level":"info","message":"Connected to database"}
{"level":"info","message":"Server listening on port 8080"}
{"level":"info","message":"Connected to database"}
{"level":"info","message":"Server listening on port 8080"}
{"level":"info","message":"Connected to database"}
{"level":"info","message":"Server listening on port 8080"}
{"level":"info","message":"Connected to database"}
{"level":"info","message":"Server listening on port 8080"}
{"level":"info","message":"Connected to database"}
{"level":"info","message":"Server listening on port 8080"}
{"level":"info","message":"Connected to database"}
{"level":"info","message":"Server listening on port 8080"}
{"level":"info","message":"Connected to database"}
{"level":"info","message":"Server listening on port 8080"}
{"level":"info","message":"Connected to database"}
{"level":"info","message":"Server listening on port 8080"}
{"level":"info","message":"Connected to database"}
{"level":"info","message":"[GET] /api/carts/"}
{"level":"info","message":"[POST] /api/carts//products/63fed53d53098410590f37ec"}
{"level":"info","message":"[POST] /api/carts//products/643c32b7ba248d6b9e25f944"}
{"level":"info","message":"[POST] /api/carts//products/63fed53d53098410590f37ec"}
{"level":"info","message":"[GET] /auth/users/premium/?cartId="}
{"level":"info","message":"Server listening on port 8080"}
{"level":"info","message":"Connected to database"}
{"level":"info","message":"Server listening on port 8080"}
{"level":"info","message":"Connected to database"}
{"level":"info","message":"Server listening on port 8080"}
{"level":"info","message":"Connected to database"}
{"level":"info","message":"Server listening on port 8080"}
{"level":"info","message":"Connected to database"}
{"level":"info","message":"Server listening on port 8080"}
{"level":"info","message":"Connected to database"}
{"level":"info","message":"Server listening on port 8080"}
{"level":"info","message":"Connected to database"}
{"level":"info","message":"[POST] /api/carts//products/644569ff0191357a316f245f"}
{"level":"info","message":"Server listening on port 8080"}
{"level":"info","message":"Connected to database"}
{"level":"info","message":"Server listening on port 8080"}
{"level":"info","message":"Connected to database"}
{"level":"info","message":"Server listening on port 8080"}
{"level":"info","message":"Connected to database"}
{"level":"info","message":"Server listening on port 8080"}
{"level":"info","message":"Connected to database"}
{"level":"info","message":"Server listening on port 8080"}
{"level":"info","message":"Connected to database"}
{"level":"info","message":"Server listening on port 8080"}
{"level":"info","message":"Connected to database"}
{"level":"info","message":"Server listening on port 8080"}
{"level":"info","message":"Connected to database"}
{"level":"info","message":"Server listening on port 8080"}
{"level":"info","message":"Connected to database"}
{"level":"info","message":"Server listening on port 8080"}
{"level":"info","message":"Connected to database"}
{"level":"info","message":"Server listening on port 8080"}
{"level":"info","message":"Connected to database"}
{"level":"info","message":"Server listening on port 8080"}
{"level":"info","message":"Connected to database"}
{"level":"info","message":"Server listening on port 8080"}
{"level":"info","message":"Connected to database"}
{"level":"info","message":"Server listening on port 8080"}
{"level":"info","message":"Connected to database"}
{"level":"info","message":"Server listening on port 8080"}
{"level":"info","message":"Connected to database"}
{"level":"info","message":"Server listening on port 8080"}
{"level":"info","message":"Connected to database"}
{"level":"info","message":"Server listening on port 8080"}
{"level":"info","message":"Connected to database"}
{"level":"info","message":"Server listening on port 8080"}
{"level":"info","message":"Connected to database"}
{"level":"info","message":"Server listening on port 8080"}
{"level":"info","message":"Connected to database"}
{"level":"info","message":"Server listening on port 8080"}
{"level":"info","message":"Connected to database"}
{"level":"info","message":"Server listening on port 8080"}
{"level":"info","message":"Connected to database"}
{"level":"info","message":"Server listening on port 8080"}
{"level":"info","message":"Connected to database"}
{"level":"info","message":"Server listening on port 8080"}
{"level":"info","message":"Connected to database"}
{"level":"info","message":"Server listening on port 8080"}
{"level":"info","message":"Connected to database"}
{"level":"info","message":"[POST] /api/carts//products/643c3272ba248d6b9e25f941"}
{"level":"info","message":"Server listening on port 8080"}
{"level":"info","message":"Server listening on port 8080"}
{"level":"info","message":"Connected to database"}
{"level":"info","message":"Nueva Conexion establecida! 7fXRXDbsLiQfIjpkAAAB"}
{"level":"info","message":"Server listening on port 8080"}
{"level":"info","message":"Connected to database"}
{"level":"info","message":"Server listening on port 8080"}
{"level":"info","message":"Connected to database"}
{"level":"info","message":"Nueva Conexion establecida! id9PQseoFkoX5xWNAAAB"}
{"level":"info","message":"Server listening on port 8080"}
{"level":"info","message":"Connected to database"}
{"level":"info","message":"Nueva Conexion establecida! 1P26jP974We0qSj-AAAB"}
{"level":"info","message":"user disconnet"}
{"level":"info","message":"Nueva Conexion establecida! A1f4pXiT0k6PWi6-AAAD"}
{"level":"info","message":"Server listening on port 8080"}
{"level":"info","message":"Nueva Conexion establecida! igw_iMnTUZ3aR-I6AAAB"}
{"level":"info","message":"Server listening on port 8080"}
{"level":"info","message":"Connected to database"}
{"level":"info","message":"Nueva Conexion establecida! Q5W5JmbScPHUdPEaAAAB"}
{"level":"info","message":"Server listening on port 8080"}
{"level":"info","message":"Connected to database"}
{"level":"info","message":"Nueva Conexion establecida! N6up2jB8qjB0B_y-AAAB"}
{"level":"info","message":"user disconnet"}
{"level":"info","message":"Server listening on port 8080"}
{"level":"info","message":"Connected to database"}
{"level":"info","message":"Server listening on port 8080"}
{"level":"info","message":"Connected to database"}
{"level":"info","message":"Server listening on port 8080"}
{"level":"info","message":"Connected to database"}
{"level":"info","message":"Server listening on port 8080"}
{"level":"info","message":"Connected to database"}
{"level":"info","message":"Server listening on port 8080"}
{"level":"info","message":"Connected to database"}
{"level":"info","message":"Server listening on port 8080"}
{"level":"info","message":"Connected to database"}
{"level":"info","message":"Server listening on port 8080"}
{"level":"info","message":"Connected to database"}
{"level":"info","message":"Server listening on port 8080"}
{"level":"info","message":"Connected to database"}
{"level":"info","message":"Server listening on port 8080"}
{"level":"info","message":"Connected to database"}
{"level":"info","message":"Server listening on port 8080"}
{"level":"info","message":"Connected to database"}
{"level":"info","message":"Server listening on port 8080"}
{"level":"info","message":"Connected to database"}
{"level":"info","message":"Nueva Conexion establecida! IlE6f1fU00MH9-guAAAB"}
{"level":"info","message":"user disconnet"}
{"level":"info","message":"Nueva Conexion establecida! D1x-_G3Wb2GtXSwXAAAD"}
{"level":"info","message":"Server listening on port 8080"}
{"level":"info","message":"Nueva Conexion establecida! rFWN719VqmBUwuCDAAAB"}
{"level":"info","message":"Connected to database"}
{"level":"info","message":"Server listening on port 8080"}
{"level":"info","message":"Connected to database"}
{"level":"info","message":"Nueva Conexion establecida! oPSDE0WXNFNWsu11AAAB"}
{"level":"info","message":"user disconnet"}
{"level":"info","message":"Nueva Conexion establecida! 8_04rY0g5Ow_rb-QAAAD"}
{"level":"info","message":"Server listening on port 8080"}
{"level":"info","message":"Nueva Conexion establecida! J9ZJVjk6PxG_SFBgAAAB"}
{"level":"info","message":"Connected to database"}
{"level":"info","message":"Nueva Conexion establecida! CGNyDo9eachduP0wAAAD"}
{"level":"info","message":"Server listening on port 8080"}
{"level":"info","message":"Connected to database"}
{"level":"info","message":"Nueva Conexion establecida! 8TJhC9TvNQ4tDZEFAAAC"}
{"level":"info","message":"user disconnet"}
{"level":"info","message":"[GET] /api/carts/"}
{"level":"info","message":"Server listening on port 8080"}
{"level":"info","message":"Connected to database"}
{"level":"info","message":"Nueva Conexion establecida! 8QNxJxdDbeu8LaeFAAAB"}
{"level":"info","message":"Server listening on port 8080"}
{"level":"info","message":"Nueva Conexion establecida! oljIi8JnW_5rIRzIAAAB"}
{"level":"info","message":"Connected to database"}
{"level":"info","message":"Nueva Conexion establecida! zogb__0hvl1YogumAAAD"}
{"level":"info","message":"Server listening on port 8080"}
{"level":"info","message":"Nueva Conexion establecida! F9u2DOEhfUUCLI4FAAAB"}
{"level":"info","message":"Connected to database"}
{"level":"info","message":"Server listening on port 8080"}
{"level":"info","message":"Connected to database"}
{"level":"info","message":"Nueva Conexion establecida! TdxoS4wCq8MYvhdDAAAB"}
{"level":"info","message":"user disconnet"}
{"level":"info","message":"Nueva Conexion establecida! PyEE0JbVXkkVxDZxAAAD"}
{"level":"info","message":"user disconnet"}
{"level":"info","message":"Nueva Conexion establecida! ipa4rykvyPv3PWaWAAAF"}
{"level":"info","message":"user disconnet"}
{"level":"info","message":"Server listening on port 8080"}
{"level":"info","message":"Connected to database"}
{"level":"info","message":"Server listening on port 8080"}
{"level":"info","message":"Connected to database"}
{"level":"info","message":"Nueva Conexion establecida! 08N1YpVJiY9czSDcAAAB"}
{"level":"info","message":"Server listening on port 8080"}
{"level":"info","message":"Nueva Conexion establecida! jjUrgKIv1TpK44V4AAAB"}
{"level":"info","message":"Connected to database"}
{"level":"info","message":"user disconnet"}
{"level":"info","message":"Nueva Conexion establecida! 7lU49Ws2ry_W5Qm6AAAD"}
{"level":"info","message":"Server listening on port 8080"}
{"level":"info","message":"Nueva Conexion establecida! bcyb9vU7zW46wNnHAAAB"}
{"level":"info","message":"Connected to database"}
{"level":"info","message":"Nueva Conexion establecida! O6aYKX0tyqqQUBJsAAAD"}
{"level":"info","message":"user disconnet"}
{"level":"info","message":"Nueva Conexion establecida! CnzSo6qZf6t874UfAAAF"}
{"level":"info","message":"user disconnet"}
{"level":"info","message":"Server listening on port 8080"}
{"level":"info","message":"Nueva Conexion establecida! tYTP2Ir85aaKaVu1AAAB"}
{"level":"info","message":"Connected to database"}
{"level":"info","message":"user disconnet"}
{"level":"info","message":"Nueva Conexion establecida! B9_4vSgBiBFNy5sMAAAD"}
{"level":"info","message":"user disconnet"}
{"level":"info","message":"Nueva Conexion establecida! ZGV2Jkv1OyFEJqztAAAF"}
{"level":"info","message":"user disconnet"}
{"level":"info","message":"Nueva Conexion establecida! Q_x5jikqQyNOJwWeAAAH"}
{"level":"info","message":"Server listening on port 8080"}
{"level":"info","message":"Connected to database"}
{"level":"info","message":"Nueva Conexion establecida! 3liuZiwXc2NjVUTiAAAB"}
{"level":"info","message":"Server listening on port 8080"}
{"level":"info","message":"Connected to database"}
{"level":"info","message":"Nueva Conexion establecida! rPSSVNEkVubUvrd8AAAB"}
{"level":"info","message":"Nueva Conexion establecida! OKBS4VqwW-tD29FLAAAD"}
{"level":"info","message":"Server listening on port 8080"}
{"level":"info","message":"Connected to database"}
{"level":"info","message":"Nueva Conexion establecida! 53HK9DjOARg4mvHQAAAB"}
{"level":"info","message":"user disconnet"}
{"level":"info","message":"Nueva Conexion establecida! 7tp1jn0DsLVlKj-kAAAD"}
{"level":"info","message":"user disconnet"}
{"level":"info","message":"Nueva Conexion establecida! keNcdaqZDFBIBcN0AAAF"}
{"level":"info","message":"user disconnet"}
{"level":"info","message":"Nueva Conexion establecida! q5RWT09v6FpJikplAAAH"}
{"level":"info","message":"user disconnet"}
{"level":"info","message":"Nueva Conexion establecida! JAf58lwziJjvvm39AAAJ"}
{"level":"info","message":"Server listening on port 8080"}
{"level":"info","message":"Connected to database"}
{"level":"info","message":"Nueva Conexion establecida! JrPVxLB9CD9_QiMmAAAB"}
{"level":"info","message":"user disconnet"}
{"level":"info","message":"Nueva Conexion establecida! 8_u-8QgEpXMc6XM0AAAD"}
{"level":"info","message":"user disconnet"}
{"level":"info","message":"Server listening on port 8080"}
{"level":"info","message":"Connected to database"}
{"level":"info","message":"Server listening on port 8080"}
{"level":"info","message":"Connected to database"}
{"level":"info","message":"Server listening on port 8080"}
{"level":"info","message":"Connected to database"}
{"level":"info","message":"Nueva Conexion establecida! AkQm_aP5RvvNRh3WAAAB"}
{"level":"info","message":"user disconnet"}
{"level":"info","message":"Nueva Conexion establecida! 06ERTH4By_iIOxBsAAAD"}
